<?xml version="1.0" encoding="UTF-8"?>
<!-- Generated by org.testng.reporters.JUnitReportReporter -->
<testsuite hostname="PIO-L-4110" failures="0" tests="3" name="com.nucleus.qa.testcases.mycollection" time="30.617" errors="0" timestamp="2024-07-31T12:45:23 IST" skipped="2">
  <testcase classname="com.nucleus.qa.testcases.mycollection" name="TestCase1" time="30.617"/>
  <system-out/>
  <testcase classname="com.nucleus.qa.testcases.mycollection" name="TestCase2">
    <skipped/>
  </testcase> <!-- TestCase2 -->
  <system-out/>
  <testcase classname="com.nucleus.qa.testcases.mycollection" name="TestCase3">
    <skipped/>
  </testcase> <!-- TestCase3 -->
  <system-out/>
</testsuite> <!-- com.nucleus.qa.testcases.mycollection -->
