<?xml version="1.0" encoding="UTF-8"?>
<!-- Generated by org.testng.reporters.JUnitReportReporter -->
<testsuite hostname="PIO-L-4110" failures="0" tests="1" name="com.nucleus.qa.testcases.InfinityTest" time="61.369" errors="0" timestamp="2024-07-16T15:34:29 IST" skipped="0">
  <testcase classname="com.nucleus.qa.testcases.InfinityTest" name="TestCase1" time="61.369"/>
  <system-out/>
</testsuite> <!-- com.nucleus.qa.testcases.InfinityTest -->
