<?xml version="1.0" encoding="UTF-8"?>
<!-- Generated by org.testng.reporters.JUnitReportReporter -->
<testsuite hostname="PIO-L-4110" failures="0" tests="3" name="com.nucleus.qa.testcases.mycollection" time="92.882" errors="0" timestamp="2024-08-01T12:44:48 IST" skipped="0">
  <testcase classname="com.nucleus.qa.testcases.mycollection" name="TestCase3" time="37.534"/>
  <system-out/>
  <testcase classname="com.nucleus.qa.testcases.mycollection" name="TestCase2" time="27.684"/>
  <system-out/>
  <testcase classname="com.nucleus.qa.testcases.mycollection" name="TestCase1" time="27.664"/>
  <system-out/>
</testsuite> <!-- com.nucleus.qa.testcases.mycollection -->
