<?xml version="1.0" encoding="UTF-8"?>
<!-- Generated by org.testng.reporters.JUnitReportReporter -->
<testsuite hostname="PIO-L-4110" failures="0" tests="3" name="com.nucleus.qa.testcases.InfinityTest" time="107.746" errors="0" timestamp="2024-08-01T14:17:52 IST" skipped="0">
  <testcase classname="com.nucleus.qa.testcases.InfinityTest" name="TestCase2" time="36.896"/>
  <system-out/>
  <testcase classname="com.nucleus.qa.testcases.InfinityTest" name="TestCase3" time="35.281"/>
  <system-out/>
  <testcase classname="com.nucleus.qa.testcases.InfinityTest" name="TestCase1" time="35.569"/>
  <system-out/>
</testsuite> <!-- com.nucleus.qa.testcases.InfinityTest -->
