<?xml version="1.0" encoding="UTF-8"?>
<!-- Generated by org.testng.reporters.JUnitReportReporter -->
<testsuite hostname="PIO-L-4110" failures="0" tests="10" name="com.nucleus.qa.testcases.CoreSystemTesting" time="118.405" errors="0" timestamp="2024-08-13T19:50:42 IST" skipped="9">
  <testcase classname="com.nucleus.qa.testcases.CoreSystemTesting" name="TestCase5" time="118.405"/>
  <system-out/>
  <testcase classname="com.nucleus.qa.testcases.CoreSystemTesting" name="TestCase9">
    <skipped/>
  </testcase> <!-- TestCase9 -->
  <system-out/>
  <testcase classname="com.nucleus.qa.testcases.CoreSystemTesting" name="TestCase3">
    <skipped/>
  </testcase> <!-- TestCase3 -->
  <system-out/>
  <testcase classname="com.nucleus.qa.testcases.CoreSystemTesting" name="TestCase4">
    <skipped/>
  </testcase> <!-- TestCase4 -->
  <system-out/>
  <testcase classname="com.nucleus.qa.testcases.CoreSystemTesting" name="TestCase1">
    <skipped/>
  </testcase> <!-- TestCase1 -->
  <system-out/>
  <testcase classname="com.nucleus.qa.testcases.CoreSystemTesting" name="TestCase10">
    <skipped/>
  </testcase> <!-- TestCase10 -->
  <system-out/>
  <testcase classname="com.nucleus.qa.testcases.CoreSystemTesting" name="TestCase2">
    <skipped/>
  </testcase> <!-- TestCase2 -->
  <system-out/>
  <testcase classname="com.nucleus.qa.testcases.CoreSystemTesting" name="TestCase7">
    <skipped/>
  </testcase> <!-- TestCase7 -->
  <system-out/>
  <testcase classname="com.nucleus.qa.testcases.CoreSystemTesting" name="TestCase8">
    <skipped/>
  </testcase> <!-- TestCase8 -->
  <system-out/>
  <testcase classname="com.nucleus.qa.testcases.CoreSystemTesting" name="TestCase6">
    <skipped/>
  </testcase> <!-- TestCase6 -->
  <system-out/>
</testsuite> <!-- com.nucleus.qa.testcases.CoreSystemTesting -->
