<?xml version="1.0" encoding="UTF-8"?>
<!-- Generated by org.testng.reporters.JUnitReportReporter -->
<testsuite hostname="PIO-L-4110" failures="0" tests="3" name="com.nucleus.qa.testcases.InfinityTest" time="120.982" errors="0" timestamp="2024-08-06T18:52:50 IST" skipped="0">
  <testcase classname="com.nucleus.qa.testcases.InfinityTest" name="TestCase2" time="40.265"/>
  <system-out/>
  <testcase classname="com.nucleus.qa.testcases.InfinityTest" name="TestCase3" time="39.137"/>
  <system-out/>
  <testcase classname="com.nucleus.qa.testcases.InfinityTest" name="TestCase1" time="41.580"/>
  <system-out/>
</testsuite> <!-- com.nucleus.qa.testcases.InfinityTest -->
