<?xml version="1.0" encoding="UTF-8"?>
<!-- Generated by org.testng.reporters.JUnitReportReporter -->
<testsuite hostname="PIO-L-4110" failures="0" tests="10" name="com.nucleus.qa.testcases.LoginPageTest" time="287.017" errors="0" timestamp="2024-08-05T20:16:45 IST" skipped="8">
  <testcase classname="com.nucleus.qa.testcases.LoginPageTest" name="TestCase5" time="120.340"/>
  <system-out/>
  <testcase classname="com.nucleus.qa.testcases.LoginPageTest" name="TestCase3" time="166.677"/>
  <system-out/>
  <testcase classname="com.nucleus.qa.testcases.LoginPageTest" name="TestCase4">
    <skipped/>
  </testcase> <!-- TestCase4 -->
  <system-out/>
  <testcase classname="com.nucleus.qa.testcases.LoginPageTest" name="TestCase1">
    <skipped/>
  </testcase> <!-- TestCase1 -->
  <system-out/>
  <testcase classname="com.nucleus.qa.testcases.LoginPageTest" name="TestCase10">
    <skipped/>
  </testcase> <!-- TestCase10 -->
  <system-out/>
  <testcase classname="com.nucleus.qa.testcases.LoginPageTest" name="TestCase2">
    <skipped/>
  </testcase> <!-- TestCase2 -->
  <system-out/>
  <testcase classname="com.nucleus.qa.testcases.LoginPageTest" name="TestCase7">
    <skipped/>
  </testcase> <!-- TestCase7 -->
  <system-out/>
  <testcase classname="com.nucleus.qa.testcases.LoginPageTest" name="TestCase8">
    <skipped/>
  </testcase> <!-- TestCase8 -->
  <system-out/>
  <testcase classname="com.nucleus.qa.testcases.LoginPageTest" name="TestCase6">
    <skipped/>
  </testcase> <!-- TestCase6 -->
  <system-out/>
  <testcase classname="com.nucleus.qa.testcases.LoginPageTest" name="TestCase9">
    <skipped/>
  </testcase> <!-- TestCase9 -->
  <system-out/>
</testsuite> <!-- com.nucleus.qa.testcases.LoginPageTest -->
