<?xml version="1.0" encoding="UTF-8"?>
<!-- Generated by org.testng.reporters.JUnitReportReporter -->
<testsuite hostname="PIO-L-4110" failures="0" tests="9" name="com.nucleus.qa.testcases.LoginPageTest" time="140.796" errors="0" timestamp="2024-07-15T13:05:38 IST" skipped="8">
  <testcase classname="com.nucleus.qa.testcases.LoginPageTest" name="TestCase3" time="140.796"/>
  <system-out/>
  <testcase classname="com.nucleus.qa.testcases.LoginPageTest" name="TestCase4">
    <skipped/>
  </testcase> <!-- TestCase4 -->
  <system-out/>
  <testcase classname="com.nucleus.qa.testcases.LoginPageTest" name="TestCase1">
    <skipped/>
  </testcase> <!-- TestCase1 -->
  <system-out/>
  <testcase classname="com.nucleus.qa.testcases.LoginPageTest" name="TestCase2">
    <skipped/>
  </testcase> <!-- TestCase2 -->
  <system-out/>
  <testcase classname="com.nucleus.qa.testcases.LoginPageTest" name="TestCase7">
    <skipped/>
  </testcase> <!-- TestCase7 -->
  <system-out/>
  <testcase classname="com.nucleus.qa.testcases.LoginPageTest" name="TestCase8">
    <skipped/>
  </testcase> <!-- TestCase8 -->
  <system-out/>
  <testcase classname="com.nucleus.qa.testcases.LoginPageTest" name="TestCase5">
    <skipped/>
  </testcase> <!-- TestCase5 -->
  <system-out/>
  <testcase classname="com.nucleus.qa.testcases.LoginPageTest" name="TestCase6">
    <skipped/>
  </testcase> <!-- TestCase6 -->
  <system-out/>
  <testcase classname="com.nucleus.qa.testcases.LoginPageTest" name="TestCase9">
    <skipped/>
  </testcase> <!-- TestCase9 -->
  <system-out/>
</testsuite> <!-- com.nucleus.qa.testcases.LoginPageTest -->
