<?xml version="1.0" encoding="UTF-8"?>
<!-- Generated by org.testng.reporters.JUnitReportReporter -->
<testsuite hostname="PIO-L-4110" failures="0" tests="3" name="com.nucleus.qa.testcases.InfinityTest" time="128.540" errors="0" timestamp="2024-07-30T17:06:08 IST" skipped="0">
  <testcase classname="com.nucleus.qa.testcases.InfinityTest" name="TestCase2" time="40.209"/>
  <system-out/>
  <testcase classname="com.nucleus.qa.testcases.InfinityTest" name="TestCase3" time="38.800"/>
  <system-out/>
  <testcase classname="com.nucleus.qa.testcases.InfinityTest" name="TestCase1" time="49.531"/>
  <system-out/>
</testsuite> <!-- com.nucleus.qa.testcases.InfinityTest -->
