<?xml version="1.0" encoding="UTF-8"?>
<!-- Generated by org.testng.reporters.JUnitReportReporter -->
<testsuite hostname="PIO-L-4110" failures="0" tests="1" name="com.nucleus.qa.testcases.LoginPageTest" time="9.548" errors="0" timestamp="02 Jul 2024 13:37:55 GMT" skipped="0">
  <testcase classname="com.nucleus.qa.testcases.LoginPageTest" name="loginTest" time="9.548"/>
</testsuite> <!-- com.nucleus.qa.testcases.LoginPageTest -->
